[2024-05-18 15:38:48] - run : 0 in seed: 1
[2024-05-18 15:38:48] - +-----------------------------------+------------+
|              Modules              | Parameters |
+-----------------------------------+------------+
|     fm.Linear_Seasonal.weight     |    9216    |
|      fm.Linear_Seasonal.bias      |     96     |
|       fm.Linear_Trend.weight      |    9216    |
|        fm.Linear_Trend.bias       |     96     |
|             nm.weight             |     16     |
| nm.model_freq.model_freq.0.weight |    6144    |
|  nm.model_freq.model_freq.0.bias  |     64     |
|  nm.model_freq.model_all.0.weight |   20480    |
|   nm.model_freq.model_all.0.bias  |    128     |
|  nm.model_freq.model_all.2.weight |   12288    |
|   nm.model_freq.model_all.2.bias  |     96     |
+-----------------------------------+------------+
[2024-05-18 15:38:48] - Total Trainable Params: 57840
[2024-05-18 15:38:48] - model parameters: 57840
[2024-05-18 15:38:58] - Epoch: 1 cost time: 9.503776550292969
[2024-05-18 15:38:58] - Traininng loss : 0.4207454544492066
[2024-05-18 15:39:08] - vali_results: {'mae': 0.2717737853527069, 'mape': 0.5321289300918579, 'mse': 0.11670892685651779, 'rmse': 0.3416268825531006}
[2024-05-18 15:39:19] - test_results: {'mae': 0.18915225565433502, 'mape': 1.2278947830200195, 'mse': 0.06399039924144745, 'rmse': 0.25296324491500854}
[2024-05-18 15:39:34] - Epoch: 2 cost time: 45.2324059009552
[2024-05-18 15:39:34] - Traininng loss : 0.1943537449464202
[2024-05-18 15:39:43] - vali_results: {'mae': 0.22599534690380096, 'mape': 0.48453548550605774, 'mse': 0.08661537617444992, 'rmse': 0.29430490732192993}
[2024-05-18 15:39:54] - test_results: {'mae': 0.17225109040737152, 'mape': 1.2152025699615479, 'mse': 0.055902011692523956, 'rmse': 0.23643606901168823}
[2024-05-18 15:40:07] - Epoch: 3 cost time: 78.40220928192139
[2024-05-18 15:40:07] - Traininng loss : 0.18076682733371854
[2024-05-18 15:40:16] - vali_results: {'mae': 0.2185065746307373, 'mape': 0.4800056517124176, 'mse': 0.08304453641176224, 'rmse': 0.28817448019981384}
[2024-05-18 15:40:25] - test_results: {'mae': 0.16823993623256683, 'mape': 1.2273201942443848, 'mse': 0.05378952622413635, 'rmse': 0.23192569613456726}
[2024-05-18 15:40:40] - Epoch: 4 cost time: 111.81339859962463
[2024-05-18 15:40:40] - Traininng loss : 0.17451792689971626
[2024-05-18 15:40:50] - vali_results: {'mae': 0.23680509626865387, 'mape': 0.4753069579601288, 'mse': 0.09400526434183121, 'rmse': 0.3066027760505676}
[2024-05-18 15:41:01] - test_results: {'mae': 0.17247506976127625, 'mape': 1.181333065032959, 'mse': 0.05675752833485603, 'rmse': 0.2382383793592453}
[2024-05-18 15:41:17] - Epoch: 5 cost time: 148.55095982551575
[2024-05-18 15:41:17] - Traininng loss : 0.17126549081876874
[2024-05-18 15:41:27] - vali_results: {'mae': 0.259691447019577, 'mape': 0.504205584526062, 'mse': 0.10843475908041, 'rmse': 0.3292943239212036}
[2024-05-18 15:41:34] - test_results: {'mae': 0.17194996774196625, 'mape': 1.1860259771347046, 'mse': 0.055136650800704956, 'rmse': 0.2348119467496872}
[2024-05-18 15:41:51] - Epoch: 6 cost time: 182.40972900390625
[2024-05-18 15:41:51] - Traininng loss : 0.169575862493366
[2024-05-18 15:42:02] - vali_results: {'mae': 0.20615562796592712, 'mape': 0.47166410088539124, 'mse': 0.07688547670841217, 'rmse': 0.2772822976112366}
[2024-05-18 15:42:11] - test_results: {'mae': 0.16710267961025238, 'mape': 1.2323163747787476, 'mse': 0.053744107484817505, 'rmse': 0.2318277508020401}
[2024-05-18 15:42:26] - Epoch: 7 cost time: 217.47059988975525
[2024-05-18 15:42:26] - Traininng loss : 0.16780915549024938
[2024-05-18 15:42:36] - vali_results: {'mae': 0.19135411083698273, 'mape': 0.46963679790496826, 'mse': 0.0677354484796524, 'rmse': 0.26026034355163574}
[2024-05-18 15:42:46] - test_results: {'mae': 0.1651650071144104, 'mape': 1.2970448732376099, 'mse': 0.05284172296524048, 'rmse': 0.22987326979637146}
[2024-05-18 15:42:59] - Epoch: 8 cost time: 250.7537019252777
[2024-05-18 15:42:59] - Traininng loss : 0.16707975179888307
[2024-05-18 15:43:09] - vali_results: {'mae': 0.18934932351112366, 'mape': 0.4683759808540344, 'mse': 0.06804117560386658, 'rmse': 0.2608470320701599}
[2024-05-18 15:43:20] - test_results: {'mae': 0.16605038940906525, 'mape': 1.2766798734664917, 'mse': 0.052826907485723495, 'rmse': 0.22984105348587036}
[2024-05-18 15:43:33] - Epoch: 9 cost time: 284.68184876441956
[2024-05-18 15:43:33] - Traininng loss : 0.16556054437533022
[2024-05-18 15:43:43] - vali_results: {'mae': 0.18816353380680084, 'mape': 0.4699748754501343, 'mse': 0.06742218136787415, 'rmse': 0.2596578299999237}
[2024-05-18 15:43:55] - test_results: {'mae': 0.1677008718252182, 'mape': 1.281150221824646, 'mse': 0.053819701075553894, 'rmse': 0.2319907397031784}
[2024-05-18 15:44:11] - Epoch: 10 cost time: 322.26505875587463
[2024-05-18 15:44:11] - Traininng loss : 0.16464018682017922
[2024-05-18 15:44:19] - vali_results: {'mae': 0.2730364501476288, 'mape': 0.5204999446868896, 'mse': 0.1223372146487236, 'rmse': 0.34976738691329956}
[2024-05-18 15:44:33] - test_results: {'mae': 0.17242638766765594, 'mape': 1.191457748413086, 'mse': 0.055374015122652054, 'rmse': 0.23531684279441833}
[2024-05-18 15:44:48] - Epoch: 11 cost time: 359.5713872909546
[2024-05-18 15:44:48] - Traininng loss : 0.1644235317595303
[2024-05-18 15:44:59] - vali_results: {'mae': 0.19358718395233154, 'mape': 0.4696953594684601, 'mse': 0.07052752375602722, 'rmse': 0.26557019352912903}
[2024-05-18 15:45:10] - test_results: {'mae': 0.1664736568927765, 'mape': 1.281603455543518, 'mse': 0.05357104539871216, 'rmse': 0.23145419359207153}
[2024-05-18 15:45:26] - Epoch: 12 cost time: 397.93269300460815
[2024-05-18 15:45:26] - Traininng loss : 0.16354845822788774
[2024-05-18 15:45:36] - vali_results: {'mae': 0.20279404520988464, 'mape': 0.4601740539073944, 'mse': 0.07558039575815201, 'rmse': 0.27491888403892517}
[2024-05-18 15:45:51] - test_results: {'mae': 0.16636565327644348, 'mape': 1.249672770500183, 'mse': 0.053814616054296494, 'rmse': 0.23197977244853973}
[2024-05-18 15:46:05] - Epoch: 13 cost time: 436.8245656490326
[2024-05-18 15:46:05] - Traininng loss : 0.16328063542023302
[2024-05-18 15:46:16] - vali_results: {'mae': 0.2334907352924347, 'mape': 0.4717658460140228, 'mse': 0.09214216470718384, 'rmse': 0.30354928970336914}
[2024-05-18 15:46:26] - test_results: {'mae': 0.16808997094631195, 'mape': 1.2190150022506714, 'mse': 0.054464906454086304, 'rmse': 0.23337717354297638}
[2024-05-18 15:46:39] - Epoch: 14 cost time: 470.60120487213135
[2024-05-18 15:46:39] - Traininng loss : 0.1624190983362496
[2024-05-18 15:46:51] - vali_results: {'mae': 0.19518736004829407, 'mape': 0.46123406291007996, 'mse': 0.07137872278690338, 'rmse': 0.26716795563697815}
[2024-05-18 15:47:01] - test_results: {'mae': 0.16588671505451202, 'mape': 1.2613461017608643, 'mse': 0.05345138907432556, 'rmse': 0.2311955690383911}
[2024-05-18 15:47:01] - loss no decreased for 5 epochs,  early stopping ....
[2024-05-18 15:47:12] - test_results: {'mae': 0.1677008718252182, 'mape': 1.281150221824646, 'mse': 0.053819701075553894, 'rmse': 0.2319907397031784}
[2024-08-03 16:58:48] - run : 0 in seed: 1
[2024-08-03 16:58:48] - +-----------------------------------+------------+
|              Modules              | Parameters |
+-----------------------------------+------------+
|     fm.Linear_Seasonal.weight     |    9216    |
|      fm.Linear_Seasonal.bias      |     96     |
|       fm.Linear_Trend.weight      |    9216    |
|        fm.Linear_Trend.bias       |     96     |
|             nm.weight             |     16     |
| nm.model_freq.model_freq.0.weight |    6144    |
|  nm.model_freq.model_freq.0.bias  |     64     |
|  nm.model_freq.model_all.0.weight |   20480    |
|   nm.model_freq.model_all.0.bias  |    128     |
|  nm.model_freq.model_all.2.weight |   12288    |
|   nm.model_freq.model_all.2.bias  |     96     |
+-----------------------------------+------------+
[2024-08-03 16:58:48] - Total Trainable Params: 57840
[2024-08-03 16:58:48] - model parameters: 57840
[2024-08-03 16:58:48] - loss no decreased for 5 epochs,  early stopping ....
[2024-08-03 16:58:49] - test_results: {'mae': 0.1677008718252182, 'mape': 1.281150221824646, 'mse': 0.053819701075553894, 'rmse': 0.2319907397031784}
