[2024-05-18 15:38:51] - run : 0 in seed: 1
[2024-05-18 15:38:51] - +-----------------------------------+------------+
|              Modules              | Parameters |
+-----------------------------------+------------+
|     fm.Linear_Seasonal.weight     |   32256    |
|      fm.Linear_Seasonal.bias      |    336     |
|       fm.Linear_Trend.weight      |   32256    |
|        fm.Linear_Trend.bias       |    336     |
|             nm.weight             |     16     |
| nm.model_freq.model_freq.0.weight |    6144    |
|  nm.model_freq.model_freq.0.bias  |     64     |
|  nm.model_freq.model_all.0.weight |   20480    |
|   nm.model_freq.model_all.0.bias  |    128     |
|  nm.model_freq.model_all.2.weight |   43008    |
|   nm.model_freq.model_all.2.bias  |    336     |
+-----------------------------------+------------+
[2024-05-18 15:38:51] - Total Trainable Params: 135360
[2024-05-18 15:38:51] - model parameters: 135360
[2024-05-18 15:39:27] - Epoch: 1 cost time: 35.747939586639404
[2024-05-18 15:39:27] - Traininng loss : 0.7372334172912672
[2024-05-18 15:39:55] - vali_results: {'mae': 0.5196197032928467, 'mape': 1.0078177452087402, 'mse': 0.4135601222515106, 'rmse': 0.6430863738059998}
[2024-05-18 15:40:13] - test_results: {'mae': 0.30963706970214844, 'mape': 1.9524619579315186, 'mse': 0.1713826060295105, 'rmse': 0.4139838218688965}
[2024-05-18 15:40:49] - Epoch: 2 cost time: 117.83258152008057
[2024-05-18 15:40:49] - Traininng loss : 0.5253838742870132
[2024-05-18 15:41:15] - vali_results: {'mae': 0.5205788016319275, 'mape': 0.9923567771911621, 'mse': 0.4051726162433624, 'rmse': 0.6365317106246948}
[2024-05-18 15:41:31] - test_results: {'mae': 0.3060072660446167, 'mape': 1.9266173839569092, 'mse': 0.1674422174692154, 'rmse': 0.40919703245162964}
[2024-05-18 15:42:07] - Epoch: 3 cost time: 196.11949181556702
[2024-05-18 15:42:07] - Traininng loss : 0.5120068636595034
[2024-05-18 15:42:32] - vali_results: {'mae': 0.5129296183586121, 'mape': 0.9898754954338074, 'mse': 0.40193402767181396, 'rmse': 0.6339826583862305}
[2024-05-18 15:42:47] - test_results: {'mae': 0.3034825921058655, 'mape': 1.9812136888504028, 'mse': 0.1667122095823288, 'rmse': 0.4083040654659271}
[2024-05-18 15:43:19] - Epoch: 4 cost time: 268.48441314697266
[2024-05-18 15:43:19] - Traininng loss : 0.5038458223825966
[2024-05-18 15:43:50] - vali_results: {'mae': 0.586733877658844, 'mape': 0.9902670383453369, 'mse': 0.49403539299964905, 'rmse': 0.7028765082359314}
[2024-05-18 15:44:10] - test_results: {'mae': 0.320489764213562, 'mape': 1.783083200454712, 'mse': 0.1769789457321167, 'rmse': 0.420688658952713}
[2024-05-18 15:44:50] - Epoch: 5 cost time: 359.2992744445801
[2024-05-18 15:44:50] - Traininng loss : 0.5002337643523621
[2024-05-18 15:45:20] - vali_results: {'mae': 0.5546623468399048, 'mape': 1.0046539306640625, 'mse': 0.45674940943717957, 'rmse': 0.6758323907852173}
[2024-05-18 15:45:34] - test_results: {'mae': 0.3106157183647156, 'mape': 1.8932735919952393, 'mse': 0.1706334501504898, 'rmse': 0.4130780100822449}
[2024-05-18 15:46:07] - Epoch: 6 cost time: 435.923104763031
[2024-05-18 15:46:07] - Traininng loss : 0.4970432457581065
[2024-05-18 15:46:35] - vali_results: {'mae': 0.5862355828285217, 'mape': 1.0263614654541016, 'mse': 0.4914797246456146, 'rmse': 0.7010561227798462}
[2024-05-18 15:46:55] - test_results: {'mae': 0.31962427496910095, 'mape': 1.8775904178619385, 'mse': 0.17529238760471344, 'rmse': 0.4186793267726898}
[2024-05-18 15:47:30] - Epoch: 7 cost time: 518.5481035709381
[2024-05-18 15:47:30] - Traininng loss : 0.4957000917079402
[2024-05-18 15:47:58] - vali_results: {'mae': 0.4543822705745697, 'mape': 0.977449357509613, 'mse': 0.3246541917324066, 'rmse': 0.5697843432426453}
[2024-05-18 15:48:15] - test_results: {'mae': 0.29216325283050537, 'mape': 2.126875162124634, 'mse': 0.15868325531482697, 'rmse': 0.39835065603256226}
[2024-05-18 15:48:48] - Epoch: 8 cost time: 596.7679555416107
[2024-05-18 15:48:48] - Traininng loss : 0.4937943303896711
[2024-05-18 15:49:14] - vali_results: {'mae': 0.519422173500061, 'mape': 0.9836724400520325, 'mse': 0.4192454516887665, 'rmse': 0.6474916338920593}
[2024-05-18 15:49:35] - test_results: {'mae': 0.3046305775642395, 'mape': 1.9729125499725342, 'mse': 0.16686953604221344, 'rmse': 0.4084966778755188}
[2024-05-18 15:50:09] - Epoch: 9 cost time: 677.5538721084595
[2024-05-18 15:50:09] - Traininng loss : 0.49114804895095576
[2024-05-18 15:50:38] - vali_results: {'mae': 0.49608922004699707, 'mape': 1.0364989042282104, 'mse': 0.3760496973991394, 'rmse': 0.6132289171218872}
[2024-05-18 15:50:55] - test_results: {'mae': 0.2982079088687897, 'mape': 2.0920379161834717, 'mse': 0.1612546294927597, 'rmse': 0.40156522393226624}
[2024-05-18 15:51:32] - Epoch: 10 cost time: 760.588840007782
[2024-05-18 15:51:32] - Traininng loss : 0.4890800959923688
[2024-05-18 15:51:58] - vali_results: {'mae': 0.4492473900318146, 'mape': 0.9456766843795776, 'mse': 0.33489149808883667, 'rmse': 0.5786980986595154}
[2024-05-18 15:52:16] - test_results: {'mae': 0.29478296637535095, 'mape': 2.1167995929718018, 'mse': 0.16087643802165985, 'rmse': 0.4010940492153168}
[2024-05-18 15:52:49] - Epoch: 11 cost time: 838.0455629825592
[2024-05-18 15:52:49] - Traininng loss : 0.49065133169585584
[2024-05-18 15:53:19] - vali_results: {'mae': 0.5369243621826172, 'mape': 0.9526240229606628, 'mse': 0.440366268157959, 'rmse': 0.6636009812355042}
[2024-05-18 15:53:36] - test_results: {'mae': 0.30998679995536804, 'mape': 1.9166587591171265, 'mse': 0.17089930176734924, 'rmse': 0.41339969635009766}
[2024-05-18 15:54:12] - Epoch: 12 cost time: 920.8723838329315
[2024-05-18 15:54:12] - Traininng loss : 0.48660940263006425
[2024-05-18 15:54:44] - vali_results: {'mae': 0.5661830306053162, 'mape': 0.9853366613388062, 'mse': 0.47388046979904175, 'rmse': 0.688389778137207}
[2024-05-18 15:54:59] - test_results: {'mae': 0.31447833776474, 'mape': 1.8474050760269165, 'mse': 0.17331673204898834, 'rmse': 0.4163132607936859}
[2024-05-18 15:54:59] - loss no decreased for 5 epochs,  early stopping ....
[2024-05-18 15:55:12] - test_results: {'mae': 0.29216325283050537, 'mape': 2.126875162124634, 'mse': 0.15868325531482697, 'rmse': 0.39835065603256226}
[2024-08-03 16:59:36] - run : 0 in seed: 1
[2024-08-03 16:59:36] - +-----------------------------------+------------+
|              Modules              | Parameters |
+-----------------------------------+------------+
|     fm.Linear_Seasonal.weight     |   32256    |
|      fm.Linear_Seasonal.bias      |    336     |
|       fm.Linear_Trend.weight      |   32256    |
|        fm.Linear_Trend.bias       |    336     |
|             nm.weight             |     16     |
| nm.model_freq.model_freq.0.weight |    6144    |
|  nm.model_freq.model_freq.0.bias  |     64     |
|  nm.model_freq.model_all.0.weight |   20480    |
|   nm.model_freq.model_all.0.bias  |    128     |
|  nm.model_freq.model_all.2.weight |   43008    |
|   nm.model_freq.model_all.2.bias  |    336     |
+-----------------------------------+------------+
[2024-08-03 16:59:36] - Total Trainable Params: 135360
[2024-08-03 16:59:36] - model parameters: 135360
[2024-08-03 16:59:36] - loss no decreased for 5 epochs,  early stopping ....
