[2024-05-18 15:55:48] - run : 0 in seed: 1
[2024-05-18 15:55:48] - +-----------------------------------+------------+
|              Modules              | Parameters |
+-----------------------------------+------------+
|     fm.Linear_Seasonal.weight     |   16128    |
|      fm.Linear_Seasonal.bias      |    168     |
|       fm.Linear_Trend.weight      |   16128    |
|        fm.Linear_Trend.bias       |    168     |
|             nm.weight             |     16     |
| nm.model_freq.model_freq.0.weight |    6144    |
|  nm.model_freq.model_freq.0.bias  |     64     |
|  nm.model_freq.model_all.0.weight |   20480    |
|   nm.model_freq.model_all.0.bias  |    128     |
|  nm.model_freq.model_all.2.weight |   21504    |
|   nm.model_freq.model_all.2.bias  |    168     |
+-----------------------------------+------------+
[2024-05-18 15:55:48] - Total Trainable Params: 81096
[2024-05-18 15:55:48] - model parameters: 81096
[2024-05-18 15:56:23] - Epoch: 1 cost time: 35.12144613265991
[2024-05-18 15:56:23] - Traininng loss : 0.5317647666493549
[2024-05-18 15:56:52] - vali_results: {'mae': 0.4061700105667114, 'mape': 0.7436543107032776, 'mse': 0.24691735208034515, 'rmse': 0.4969078004360199}
[2024-05-18 15:57:08] - test_results: {'mae': 0.2462536245584488, 'mape': 1.436210036277771, 'mse': 0.10409878194332123, 'rmse': 0.3226434290409088}
[2024-05-18 15:57:43] - Epoch: 2 cost time: 115.30143332481384
[2024-05-18 15:57:43] - Traininng loss : 0.31038058473716806
[2024-05-18 15:58:11] - vali_results: {'mae': 0.32782894372940063, 'mape': 0.646792471408844, 'mse': 0.17738965153694153, 'rmse': 0.4211765229701996}
[2024-05-18 15:58:33] - test_results: {'mae': 0.22594019770622253, 'mape': 1.4022011756896973, 'mse': 0.09293699264526367, 'rmse': 0.30485570430755615}
[2024-05-18 15:59:09] - Epoch: 3 cost time: 201.34973001480103
[2024-05-18 15:59:09] - Traininng loss : 0.29556902950700326
[2024-05-18 15:59:36] - vali_results: {'mae': 0.32951241731643677, 'mape': 0.6415569186210632, 'mse': 0.18229685723781586, 'rmse': 0.42696234583854675}
[2024-05-18 15:59:52] - test_results: {'mae': 0.22385436296463013, 'mape': 1.3913875818252563, 'mse': 0.09205996245145798, 'rmse': 0.30341383814811707}
[2024-05-18 16:00:30] - Epoch: 4 cost time: 282.18126249313354
[2024-05-18 16:00:30] - Traininng loss : 0.28939671135401424
[2024-05-18 16:01:02] - vali_results: {'mae': 0.3157155513763428, 'mape': 0.6394526362419128, 'mse': 0.16855822503566742, 'rmse': 0.41055843234062195}
[2024-05-18 16:01:21] - test_results: {'mae': 0.22008325159549713, 'mape': 1.4142084121704102, 'mse': 0.09004581719636917, 'rmse': 0.30007636547088623}
[2024-05-18 16:02:02] - Epoch: 5 cost time: 374.3080577850342
[2024-05-18 16:02:02] - Traininng loss : 0.2863601968635487
[2024-05-18 16:02:31] - vali_results: {'mae': 0.3304009735584259, 'mape': 0.6493609547615051, 'mse': 0.17792753875255585, 'rmse': 0.42181459069252014}
[2024-05-18 16:02:49] - test_results: {'mae': 0.21995295584201813, 'mape': 1.4085443019866943, 'mse': 0.08911648392677307, 'rmse': 0.29852384328842163}
[2024-05-18 16:03:27] - Epoch: 6 cost time: 458.92252111434937
[2024-05-18 16:03:27] - Traininng loss : 0.2830867705088628
[2024-05-18 16:03:59] - vali_results: {'mae': 0.3442387580871582, 'mape': 0.6517421007156372, 'mse': 0.19612199068069458, 'rmse': 0.44285663962364197}
[2024-05-18 16:04:18] - test_results: {'mae': 0.2238052636384964, 'mape': 1.3861461877822876, 'mse': 0.09151811897754669, 'rmse': 0.30251961946487427}
[2024-05-18 16:04:53] - Epoch: 7 cost time: 545.1860620975494
[2024-05-18 16:04:53] - Traininng loss : 0.28104885224300097
[2024-05-18 16:05:24] - vali_results: {'mae': 0.3519047498703003, 'mape': 0.6641143560409546, 'mse': 0.20511524379253387, 'rmse': 0.45289650559425354}
[2024-05-18 16:05:45] - test_results: {'mae': 0.22416123747825623, 'mape': 1.3952140808105469, 'mse': 0.09141756594181061, 'rmse': 0.3023533821105957}
[2024-05-18 16:06:24] - Epoch: 8 cost time: 636.2341320514679
[2024-05-18 16:06:24] - Traininng loss : 0.28092382518173775
[2024-05-18 16:06:53] - vali_results: {'mae': 0.3249276876449585, 'mape': 0.6551505923271179, 'mse': 0.17425325512886047, 'rmse': 0.41743654012680054}
[2024-05-18 16:07:16] - test_results: {'mae': 0.2164342850446701, 'mape': 1.4479743242263794, 'mse': 0.08635575324296951, 'rmse': 0.2938635051250458}
[2024-05-18 16:07:54] - Epoch: 9 cost time: 726.2813460826874
[2024-05-18 16:07:54] - Traininng loss : 0.27950280395489707
[2024-05-18 16:08:21] - vali_results: {'mae': 0.32006630301475525, 'mape': 0.667902946472168, 'mse': 0.1686655730009079, 'rmse': 0.4106891453266144}
[2024-05-18 16:08:41] - test_results: {'mae': 0.21401116251945496, 'mape': 1.4797015190124512, 'mse': 0.08435427397489548, 'rmse': 0.29043808579444885}
[2024-05-18 16:08:41] - loss no decreased for 5 epochs,  early stopping ....
[2024-05-18 16:08:58] - test_results: {'mae': 0.22008325159549713, 'mape': 1.4142084121704102, 'mse': 0.09004581719636917, 'rmse': 0.30007636547088623}
[2024-08-03 16:59:17] - run : 0 in seed: 1
[2024-08-03 16:59:17] - +-----------------------------------+------------+
|              Modules              | Parameters |
+-----------------------------------+------------+
|     fm.Linear_Seasonal.weight     |   16128    |
|      fm.Linear_Seasonal.bias      |    168     |
|       fm.Linear_Trend.weight      |   16128    |
|        fm.Linear_Trend.bias       |    168     |
|             nm.weight             |     16     |
| nm.model_freq.model_freq.0.weight |    6144    |
|  nm.model_freq.model_freq.0.bias  |     64     |
|  nm.model_freq.model_all.0.weight |   20480    |
|   nm.model_freq.model_all.0.bias  |    128     |
|  nm.model_freq.model_all.2.weight |   21504    |
|   nm.model_freq.model_all.2.bias  |    168     |
+-----------------------------------+------------+
[2024-08-03 16:59:17] - Total Trainable Params: 81096
[2024-08-03 16:59:17] - model parameters: 81096
[2024-08-03 16:59:17] - loss no decreased for 5 epochs,  early stopping ....
