[2024-05-18 16:18:23] - run : 0 in seed: 1
[2024-05-18 16:18:23] - +-----------------------------------+------------+
|              Modules              | Parameters |
+-----------------------------------+------------+
|     fm.Linear_Seasonal.weight     |   69120    |
|      fm.Linear_Seasonal.bias      |    720     |
|       fm.Linear_Trend.weight      |   69120    |
|        fm.Linear_Trend.bias       |    720     |
|             nm.weight             |     16     |
| nm.model_freq.model_freq.0.weight |    6144    |
|  nm.model_freq.model_freq.0.bias  |     64     |
|  nm.model_freq.model_all.0.weight |   20480    |
|   nm.model_freq.model_all.0.bias  |    128     |
|  nm.model_freq.model_all.2.weight |   92160    |
|   nm.model_freq.model_all.2.bias  |    720     |
+-----------------------------------+------------+
[2024-05-18 16:18:23] - Total Trainable Params: 259392
[2024-05-18 16:18:23] - model parameters: 259392
[2024-05-18 16:19:06] - Epoch: 1 cost time: 42.841975927352905
[2024-05-18 16:19:06] - Traininng loss : 1.0170713320691536
[2024-05-18 16:19:36] - vali_results: {'mae': 0.7938706278800964, 'mape': 0.9644890427589417, 'mse': 0.8771383762359619, 'rmse': 0.9365566372871399}
[2024-05-18 16:19:48] - test_results: {'mae': 0.43774136900901794, 'mape': 2.390533447265625, 'mse': 0.3312624990940094, 'rmse': 0.5755540728569031}
[2024-05-18 16:20:35] - Epoch: 2 cost time: 131.14189624786377
[2024-05-18 16:20:35] - Traininng loss : 0.8409003509697339
[2024-05-18 16:21:04] - vali_results: {'mae': 0.7706085443496704, 'mape': 0.9540778994560242, 'mse': 0.8551419377326965, 'rmse': 0.9247388243675232}
[2024-05-18 16:21:14] - test_results: {'mae': 0.42416688799858093, 'mape': 2.532703399658203, 'mse': 0.31928086280822754, 'rmse': 0.565049409866333}
[2024-05-18 16:21:58] - Epoch: 3 cost time: 214.58671879768372
[2024-05-18 16:21:58] - Traininng loss : 0.825725700838346
[2024-05-18 16:22:16] - vali_results: {'mae': 0.7561972141265869, 'mape': 0.9351849555969238, 'mse': 0.8186375498771667, 'rmse': 0.9047859311103821}
[2024-05-18 16:22:26] - test_results: {'mae': 0.4126316010951996, 'mape': 2.583454132080078, 'mse': 0.30499541759490967, 'rmse': 0.5522639155387878}
[2024-05-18 16:23:05] - Epoch: 4 cost time: 281.5258958339691
[2024-05-18 16:23:05] - Traininng loss : 0.8145043575171883
[2024-05-18 16:23:39] - vali_results: {'mae': 0.7592982649803162, 'mape': 0.9978444576263428, 'mse': 0.8516840934753418, 'rmse': 0.9228672981262207}
[2024-05-18 16:23:53] - test_results: {'mae': 0.4186728596687317, 'mape': 2.803150177001953, 'mse': 0.3101601302623749, 'rmse': 0.5569202303886414}
[2024-05-18 16:24:44] - Epoch: 5 cost time: 380.22411942481995
[2024-05-18 16:24:44] - Traininng loss : 0.8084125637162661
[2024-05-18 16:25:09] - vali_results: {'mae': 0.7646909356117249, 'mape': 0.9672136902809143, 'mse': 0.8464194536209106, 'rmse': 0.9200105667114258}
[2024-05-18 16:25:24] - test_results: {'mae': 0.4051404297351837, 'mape': 2.4345123767852783, 'mse': 0.2957817316055298, 'rmse': 0.5438581705093384}
[2024-05-18 16:26:11] - Epoch: 6 cost time: 467.8592207431793
[2024-05-18 16:26:11] - Traininng loss : 0.8021368790180126
[2024-05-18 16:26:41] - vali_results: {'mae': 0.7609773874282837, 'mape': 0.9654799103736877, 'mse': 0.838088870048523, 'rmse': 0.9154719114303589}
[2024-05-18 16:26:55] - test_results: {'mae': 0.39646539092063904, 'mape': 2.4988150596618652, 'mse': 0.28372418880462646, 'rmse': 0.5326576828956604}
[2024-05-18 16:27:42] - Epoch: 7 cost time: 558.5504479408264
[2024-05-18 16:27:42] - Traininng loss : 0.7970596801304648
[2024-05-18 16:28:09] - vali_results: {'mae': 0.7582247257232666, 'mape': 0.9419920444488525, 'mse': 0.8256127834320068, 'rmse': 0.9086323976516724}
[2024-05-18 16:28:19] - test_results: {'mae': 0.3907689154148102, 'mape': 2.576357841491699, 'mse': 0.28015559911727905, 'rmse': 0.5292972922325134}
[2024-05-18 16:29:05] - Epoch: 8 cost time: 641.1727514266968
[2024-05-18 16:29:05] - Traininng loss : 0.7948397812268413
[2024-05-18 16:29:30] - vali_results: {'mae': 0.7889269590377808, 'mape': 0.9746845364570618, 'mse': 0.8748069405555725, 'rmse': 0.9353111386299133}
[2024-05-18 16:29:49] - test_results: {'mae': 0.39780107140541077, 'mape': 2.531965732574463, 'mse': 0.2854062020778656, 'rmse': 0.5342342257499695}
[2024-05-18 16:29:50] - loss no decreased for 5 epochs,  early stopping ....
[2024-05-18 16:30:03] - test_results: {'mae': 0.4126316010951996, 'mape': 2.583454132080078, 'mse': 0.30499541759490967, 'rmse': 0.5522639155387878}
[2024-08-03 16:59:51] - run : 0 in seed: 1
[2024-08-03 16:59:51] - +-----------------------------------+------------+
|              Modules              | Parameters |
+-----------------------------------+------------+
|     fm.Linear_Seasonal.weight     |   69120    |
|      fm.Linear_Seasonal.bias      |    720     |
|       fm.Linear_Trend.weight      |   69120    |
|        fm.Linear_Trend.bias       |    720     |
|             nm.weight             |     16     |
| nm.model_freq.model_freq.0.weight |    6144    |
|  nm.model_freq.model_freq.0.bias  |     64     |
|  nm.model_freq.model_all.0.weight |   20480    |
|   nm.model_freq.model_all.0.bias  |    128     |
|  nm.model_freq.model_all.2.weight |   92160    |
|   nm.model_freq.model_all.2.bias  |    720     |
+-----------------------------------+------------+
[2024-08-03 16:59:51] - Total Trainable Params: 259392
[2024-08-03 16:59:51] - model parameters: 259392
[2024-08-03 16:59:51] - loss no decreased for 5 epochs,  early stopping ....
